# JRE version: Java(TM) SE Runtime Environment (7.0_45-b18) (build 1.7.0_45-b18)
# Java VM: Java HotSpot(TM) 64-Bit Server VM (24.45-b08 mixed mode windows-amd64 compressed oops)
Heap
 PSYoungGen      total 404480K, used 59066K [0x00000007c0080000, 0x00000007db380000, 0x0000000800000000)
  eden space 383488K, 9% used [0x00000007c0080000,0x00000007c25b0248,0x00000007d7700000)
  from space 20992K, 99% used [0x00000007d9200000,0x00000007da67e968,0x00000007da680000)
  to   space 27648K, 0% used [0x00000007d7700000,0x00000007d7700000,0x00000007d9200000)
 ParOldGen       total 130560K, used 20652K [0x0000000740200000, 0x0000000748180000, 0x00000007c0080000)
  object space 130560K, 15% used [0x0000000740200000,0x000000074162b150,0x0000000748180000)
 PSPermGen       total 21504K, used 15992K [0x000000073b000000, 0x000000073c500000, 0x0000000740200000)
  object space 21504K, 74% used [0x000000073b000000,0x000000073bf9e1b8,0x000000073c500000)
GC Heap History (10 events):
Event: 1.445 GC heap before
{Heap before GC invocations=4 (full 0):
 PSYoungGen      total 57344K, used 57333K [0x00000007c0080000, 0x00000007c7080000, 0x0000000800000000)
  eden space 49152K, 100% used [0x00000007c0080000,0x00000007c3080000,0x00000007c3080000)
  from space 8192K, 99% used [0x00000007c3080000,0x00000007c387d7c0,0x00000007c3880000)
  to   space 8192K, 0% used [0x00000007c6880000,0x00000007c6880000,0x00000007c7080000)
 ParOldGen       total 130560K, used 3216K [0x0000000740200000, 0x0000000748180000, 0x00000007c0080000)
  object space 130560K, 2% used [0x0000000740200000,0x0000000740524000,0x0000000748180000)
 PSPermGen       total 21504K, used 15847K [0x000000073b000000, 0x000000073c500000, 0x0000000740200000)
  object space 21504K, 73% used [0x000000073b000000,0x000000073bf79db8,0x000000073c500000)
Event: 1.454 GC heap after
Heap after GC invocations=4 (full 0):
 PSYoungGen      total 106496K, used 8161K [0x00000007c0080000, 0x00000007c7080000, 0x0000000800000000)
  eden space 98304K, 0% used [0x00000007c0080000,0x00000007c0080000,0x00000007c6080000)
  from space 8192K, 99% used [0x00000007c6880000,0x00000007c70785c8,0x00000007c7080000)
  to   space 8192K, 0% used [0x00000007c6080000,0x00000007c6080000,0x00000007c6880000)
 ParOldGen       total 130560K, used 4928K [0x0000000740200000, 0x0000000748180000, 0x00000007c0080000)
  object space 130560K, 3% used [0x0000000740200000,0x00000007406d0000,0x0000000748180000)
 PSPermGen       total 21504K, used 15847K [0x000000073b000000, 0x000000073c500000, 0x0000000740200000)
  object space 21504K, 73% used [0x000000073b000000,0x000000073bf79db8,0x000000073c500000)
}
Event: 1.564 GC heap before
{Heap before GC invocations=5 (full 0):
 PSYoungGen      total 106496K, used 106465K [0x00000007c0080000, 0x00000007c7080000, 0x0000000800000000)
  eden space 98304K, 100% used [0x00000007c0080000,0x00000007c6080000,0x00000007c6080000)
  from space 8192K, 99% used [0x00000007c6880000,0x00000007c70785c8,0x00000007c7080000)
  to   space 8192K, 0% used [0x00000007c6080000,0x00000007c6080000,0x00000007c6880000)
 ParOldGen       total 130560K, used 4928K [0x0000000740200000, 0x0000000748180000, 0x00000007c0080000)
  object space 130560K, 3% used [0x0000000740200000,0x00000007406d0000,0x0000000748180000)
 PSPermGen       total 21504K, used 15848K [0x000000073b000000, 0x000000073c500000, 0x0000000740200000)
  object space 21504K, 73% used [0x000000073b000000,0x000000073bf7a1b0,0x000000073c500000)
Event: 1.572 GC heap after
Heap after GC invocations=5 (full 0):
 PSYoungGen      total 106496K, used 8177K [0x00000007c0080000, 0x00000007cdc80000, 0x0000000800000000)
  eden space 98304K, 0% used [0x00000007c0080000,0x00000007c0080000,0x00000007c6080000)
  from space 8192K, 99% used [0x00000007c6080000,0x00000007c687c6f0,0x00000007c6880000)
  to   space 14336K, 0% used [0x00000007cce80000,0x00000007cce80000,0x00000007cdc80000)
 ParOldGen       total 130560K, used 7440K [0x0000000740200000, 0x0000000748180000, 0x00000007c0080000)
  object space 130560K, 5% used [0x0000000740200000,0x0000000740944000,0x0000000748180000)
 PSPermGen       total 21504K, used 15848K [0x000000073b000000, 0x000000073c500000, 0x0000000740200000)
  object space 21504K, 73% used [0x000000073b000000,0x000000073bf7a1b0,0x000000073c500000)
}
Event: 1.701 GC heap before
{Heap before GC invocations=6 (full 0):
 PSYoungGen      total 106496K, used 106481K [0x00000007c0080000, 0x00000007cdc80000, 0x0000000800000000)
  eden space 98304K, 100% used [0x00000007c0080000,0x00000007c6080000,0x00000007c6080000)
  from space 8192K, 99% used [0x00000007c6080000,0x00000007c687c6f0,0x00000007c6880000)
  to   space 14336K, 0% used [0x00000007cce80000,0x00000007cce80000,0x00000007cdc80000)
 ParOldGen       total 130560K, used 7440K [0x0000000740200000, 0x0000000748180000, 0x00000007c0080000)
  object space 130560K, 5% used [0x0000000740200000,0x0000000740944000,0x0000000748180000)
 PSPermGen       total 21504K, used 15856K [0x000000073b000000, 0x000000073c500000, 0x0000000740200000)
  object space 21504K, 73% used [0x000000073b000000,0x000000073bf7c100,0x000000073c500000)
Event: 1.710 GC heap after
Heap after GC invocations=6 (full 0):
 PSYoungGen      total 209408K, used 12584K [0x00000007c0080000, 0x00000007cdf80000, 0x0000000800000000)
  eden space 195072K, 0% used [0x00000007c0080000,0x00000007c0080000,0x00000007cbf00000)
  from space 14336K, 87% used [0x00000007cce80000,0x00000007cdaca0e0,0x00000007cdc80000)
  to   space 15872K, 0% used [0x00000007cbf00000,0x00000007cbf00000,0x00000007cce80000)
 ParOldGen       total 130560K, used 7440K [0x0000000740200000, 0x0000000748180000, 0x00000007c0080000)
  object space 130560K, 5% used [0x0000000740200000,0x0000000740944000,0x0000000748180000)
 PSPermGen       total 21504K, used 15856K [0x000000073b000000, 0x000000073c500000, 0x0000000740200000)
  object space 21504K, 73% used [0x000000073b000000,0x000000073bf7c100,0x000000073c500000)
}
Event: 1.940 GC heap before
{Heap before GC invocations=7 (full 0):
 PSYoungGen      total 209408K, used 207656K [0x00000007c0080000, 0x00000007cdf80000, 0x0000000800000000)
  eden space 195072K, 100% used [0x00000007c0080000,0x00000007cbf00000,0x00000007cbf00000)
  from space 14336K, 87% used [0x00000007cce80000,0x00000007cdaca0e0,0x00000007cdc80000)
  to   space 15872K, 0% used [0x00000007cbf00000,0x00000007cbf00000,0x00000007cce80000)
 ParOldGen       total 130560K, used 7440K [0x0000000740200000, 0x0000000748180000, 0x00000007c0080000)
  object space 130560K, 5% used [0x0000000740200000,0x0000000740944000,0x0000000748180000)
 PSPermGen       total 21504K, used 15856K [0x000000073b000000, 0x000000073c500000, 0x0000000740200000)
  object space 21504K, 73% used [0x000000073b000000,0x000000073bf7c2b0,0x000000073c500000)
Event: 1.959 GC heap after
Heap after GC invocations=7 (full 0):
 PSYoungGen      total 210944K, used 15869K [0x00000007c0080000, 0x00000007da680000, 0x0000000800000000)
  eden space 195072K, 0% used [0x00000007c0080000,0x00000007c0080000,0x00000007cbf00000)
  from space 15872K, 99% used [0x00000007cbf00000,0x00000007cce7f458,0x00000007cce80000)
  to   space 20992K, 0% used [0x00000007d9200000,0x00000007d9200000,0x00000007da680000)
 ParOldGen       total 130560K, used 13305K [0x0000000740200000, 0x0000000748180000, 0x00000007c0080000)
  object space 130560K, 10% used [0x0000000740200000,0x0000000740efe558,0x0000000748180000)
 PSPermGen       total 21504K, used 15856K [0x000000073b000000, 0x000000073c500000, 0x0000000740200000)
  object space 21504K, 73% used [0x000000073b000000,0x000000073bf7c2b0,0x000000073c500000)
}
Event: 2.440 GC heap before
{Heap before GC invocations=8 (full 0):
 PSYoungGen      total 210944K, used 210941K [0x00000007c0080000, 0x00000007da680000, 0x0000000800000000)
  eden space 195072K, 100% used [0x00000007c0080000,0x00000007cbf00000,0x00000007cbf00000)
  from space 15872K, 99% used [0x00000007cbf00000,0x00000007cce7f458,0x00000007cce80000)
  to   space 20992K, 0% used [0x00000007d9200000,0x00000007d9200000,0x00000007da680000)
 ParOldGen       total 130560K, used 13305K [0x0000000740200000, 0x0000000748180000, 0x00000007c0080000)
  object space 130560K, 10% used [0x0000000740200000,0x0000000740efe558,0x0000000748180000)
 PSPermGen       total 21504K, used 15954K [0x000000073b000000, 0x000000073c500000, 0x0000000740200000)
  object space 21504K, 74% used [0x000000073b000000,0x000000073bf94838,0x000000073c500000)
Event: 2.457 GC heap after
Heap after GC invocations=8 (full 0):
 PSYoungGen      total 404480K, used 20986K [0x00000007c0080000, 0x00000007db380000, 0x0000000800000000)
  eden space 383488K, 0% used [0x00000007c0080000,0x00000007c0080000,0x00000007d7700000)
  from space 20992K, 99% used [0x00000007d9200000,0x00000007da67e968,0x00000007da680000)
  to   space 27648K, 0% used [0x00000007d7700000,0x00000007d7700000,0x00000007d9200000)
 ParOldGen       total 130560K, used 20652K [0x0000000740200000, 0x0000000748180000, 0x00000007c0080000)
  object space 130560K, 15% used [0x0000000740200000,0x000000074162b150,0x0000000748180000)
 PSPermGen       total 21504K, used 15954K [0x000000073b000000, 0x000000073c500000, 0x0000000740200000)
  object space 21504K, 74% used [0x000000073b000000,0x000000073bf94838,0x000000073c500000)
}

